nohup: ignoring input
INFO:     Will watch for changes in these directories: ['/home/feng/ai_code/fastapi_haystack-ai_stream/src/v3']
INFO:     Uvicorn running on http://0.0.0.0:8003 (Press CTRL+C to quit)
INFO:     Started reloader process [2993314] using WatchFiles
INFO:     Started server process [2993316]
INFO:     Waiting for application startup.
INFO:     Application startup complete.
document size: 3
All documents were successfully written to the document store.
query: 以秋天为题，写1000作文
top_k: 3
rag 流式返回接口
INFO:     192.168.31.3:56135 - "GET /query-stream?query=%E4%BB%A5%E7%A7%8B%E5%A4%A9%E4%B8%BA%E9%A2%98%EF%BC%8C%E5%86%991000%E4%BD%9C%E6%96%87 HTTP/1.1" 200 OK
documents size:  0
--------- all prompt:----------:
 以秋天为题，写1000作文
秋天，丰收的季节，-------------:秋天-------------:，-------------:丰收-------------:的季节-------------:，金黄的季节，也是充满诗-------------:金黄-------------:的季节-------------:，-------------:也是-------------:充满-------------:诗意的季节。在这个季节里-------------:意的-------------:季节-------------:。-------------:在这个-------------:季节-------------:里，大自然换上了五彩斑斓的新-------------:，-------------:大自然-------------:换-------------:上了-------------:五彩-------------:斑斓-------------:的新装，人们的心中也洋溢着-------------:装-------------:，-------------:人们-------------:的心-------------:中也-------------:洋溢着喜悦与期待。-------------:喜悦-------------:与-------------:期待-------------:。以下是一篇以秋天为题-------------:以下-------------:是一-------------:篇-------------:以-------------:秋天-------------:为-------------:题的作文，字数约-------------:的-------------:作文-------------:，-------------:字-------------:数-------------:约1000字。

题目：秋-------------:100-------------:0-------------:字-------------:。

题目-------------:：-------------:秋天的-------------:天的颂-------------:颂歌

秋天，是大自然的调-------------:歌-------------:

秋天-------------:，-------------:是大-------------:自然的-------------:调色板，把世间万物-------------:色-------------:板-------------:，-------------:把-------------:世间-------------:万物query: 以新年为题，写1000作文
top_k: 3
rag 流式返回接口
documents size:  0
--------- all prompt:----------:
 以新年为题，写1000作文
INFO:     192.168.31.3:56137 - "GET /query-stream?query=%E4%BB%A5%E6%96%B0%E5%B9%B4%E4%B8%BA%E9%A2%98%EF%BC%8C%E5%86%991000%E4%BD%9C%E6%96%87 HTTP/1.1" 200 OK
渲染得五彩斑斓。当-------------:渲染-------------:得-------------:五彩-------------:斑斓-------------:。-------------:当夏日的炎热渐渐退去，-------------:夏-------------:日的-------------:炎热-------------:渐渐-------------:退-------------:去-------------:，秋天的脚步悄然而至题目-------------:秋-------------:天的-------------:脚步-------------:悄-------------:然而-------------:至-------------:题目，：它新年带着收获的喜悦，-------------:，-------------:：-------------:它-------------:新年-------------:带着-------------:收获-------------:的-------------:喜悦-------------:，带着宁静，新的开始-------------:带着-------------:宁静-------------:，-------------:新的-------------:开始

时光的美荏，走进了-------------:

时光-------------:的美-------------:荏-------------:，-------------:走进了苒我们的生活。

清晨，当-------------:苒-------------:我们的生活-------------:。

清晨-------------:，-------------:当，岁月如梭。-------------:，-------------:岁月-------------:如-------------:梭-------------:。转眼间，我们又第一迎来了新的一年-------------:转眼-------------:间-------------:，-------------:我们又-------------:第一-------------:迎来了-------------:新-------------:的一年。缕新年阳光，透过是窗帘，中华民族的传统洒-------------:。-------------:缕-------------:新年-------------:阳光-------------:，-------------:透过-------------:是-------------:窗帘-------------:，-------------:中华民族-------------:的传统-------------:洒佳节在，安静的卧室承载里，着我-------------:佳节-------------:在-------------:，-------------:安静的-------------:卧室-------------:承载-------------:里-------------:，-------------:着-------------:我人们对-------------:人们对美好生活的向往和期盼。在这-------------:美好-------------:生活的-------------:向往-------------:和-------------:期盼-------------:。-------------:在这辞-------------:辞旧迎新的时刻，-------------:旧-------------:迎-------------:新的-------------:时刻-------------:，我怀着无比激动-------------:我-------------:怀着-------------:无比-------------:激动的心情，-------------:的心情-------------:，用笔记录下-------------:用-------------:笔-------------:记录-------------:下这美好的瞬间。

新年的钟声-------------:这-------------:美好的-------------:瞬间-------------:。

新-------------:年的-------------:钟-------------:声即将敲响，大街小巷弥漫-------------:即将-------------:敲-------------:响-------------:，-------------:大街-------------:小巷-------------:弥漫着浓郁的年味-------------:着-------------:浓郁的-------------:年-------------:味。家家户户张灯结彩-------------:。-------------:家家-------------:户户-------------:张-------------:灯-------------:结-------------:彩，贴上了红听到了红的春-------------:，-------------:贴-------------:上了-------------:红-------------:听到了-------------:红的-------------:春联窗外，树叶挂-------------:联-------------:窗外-------------:，-------------:树叶-------------:挂沙上了沙寓意的声音吉祥。的这是灯笼。秋-------------:沙-------------:上了-------------:沙-------------:寓意-------------:的声音-------------:吉祥-------------:。-------------:的-------------:这是-------------:灯笼-------------:。-------------:秋天的孩子们呼唤穿着，新是衣服大地，母亲的欢低声-------------:天的-------------:孩子们-------------:呼唤-------------:穿着-------------:，-------------:新-------------:是-------------:衣服-------------:大地-------------:，-------------:母亲的-------------:欢-------------:低-------------:声语笑语。，我喜庆迫不及待地洋洋拉开。-------------:语-------------:笑语-------------:。-------------:，-------------:我-------------:喜庆-------------:迫不及待-------------:地-------------:洋洋-------------:拉开-------------:。窗帘此刻，，眼前的整个景象让我陶醉-------------:窗帘-------------:此刻-------------:，-------------:，-------------:眼前的-------------:整个-------------:景象-------------:让我-------------:陶醉：世界都充满了那欢乐一片与片祥和金黄的落叶-------------:：-------------:世界-------------:都-------------:充满了-------------:那-------------:欢乐-------------:一片-------------:与-------------:片-------------:祥和-------------:金黄-------------:的-------------:落叶，仿佛是。

在这秋辞天的旧使者-------------:，-------------:仿佛-------------:是-------------:。

在这-------------:秋-------------:辞-------------:天的-------------:旧-------------:使者迎，新的在时刻空中，翩人们翩纷纷起放下-------------:迎-------------:，-------------:新的-------------:在-------------:时刻-------------:空中-------------:，-------------:翩-------------:人们-------------:翩-------------:纷纷-------------:起-------------:放下舞手中的。工作它们，轻轻与家人飘落团聚-------------:舞-------------:手中的-------------:。-------------:工作-------------:它们-------------:，-------------:轻轻-------------:与-------------:家人-------------:飘-------------:落-------------:团聚，，铺共度满了佳节小。亲朋好友欢-------------:，-------------:，-------------:铺-------------:共-------------:度-------------:满了-------------:佳节-------------:小-------------:。-------------:亲朋好友-------------:欢径聚，一堂给，大地畅披谈上了一往事层-------------:径-------------:聚-------------:，-------------:一堂-------------:给-------------:，-------------:大地-------------:畅-------------:披-------------:谈-------------:上了一-------------:往事-------------:层，金分享色的喜悦地毯，共。

午后度，-------------:，-------------:金-------------:分享-------------:色的-------------:喜悦-------------:地毯-------------:，-------------:共-------------:。

午后-------------:度-------------:，美好时光阳光。明媚，-------------:美好-------------:时光-------------:阳光-------------:。-------------:明媚-------------:，年夜微风饭拂面-------------:年夜-------------:微风-------------:饭-------------:拂-------------:面。我丰盛漫步在美味乡，间-------------:。-------------:我-------------:丰盛-------------:漫步-------------:在-------------:美味-------------:乡-------------:，-------------:间象征着团圆与幸福。人们举-------------:象征着-------------:团圆-------------:与-------------:幸福-------------:。-------------:人们-------------:举杯畅饮-------------:杯-------------:畅-------------:饮的小路上，感受，-------------:的小-------------:路上-------------:，-------------:感受-------------:，祝福着彼此秋在新天的的一年气息。-------------:祝福-------------:着-------------:彼此-------------:秋-------------:在新-------------:天的-------------:的一年-------------:气息-------------:。里稻事业谷有成金黄、，身体健康硕、果-------------:里-------------:稻-------------:事业累累-------------:谷-------------:有成-------------:金黄-------------:、-------------:，-------------:身体健康-------------:硕-------------:、-------------:果-------------:累累，丰收阖的家景象欢乐让人喜悦-------------:，-------------:丰收-------------:阖-------------:的-------------:家-------------:景象-------------:欢乐-------------:让人-------------:喜悦。

新。年的农民伯伯们忙碌-------------:。

新-------------:。-------------:年的-------------:农民-------------:伯-------------:伯-------------:们-------------:忙碌的身影，是秋天到来，预示最美的着风景新的。-------------:的身影-------------:，-------------:是-------------:秋天-------------:到来-------------:，-------------:预示-------------:最美的-------------:着-------------:风景-------------:新的-------------:。开始他们。辛勤劳作在这一，刻用，-------------:开始-------------:他们-------------:。-------------:辛勤-------------:劳-------------:作-------------:在这一-------------:，-------------:刻-------------:用-------------:，汗水我们浇告别了过去的灌着-------------:汗水-------------:我们-------------:浇-------------:告别-------------:了-------------:过去的-------------:灌-------------:着希望，艰辛终于与挫折迎来了，硕迎来了新的-------------:希望-------------:，-------------:艰辛-------------:终于-------------:与-------------:挫折-------------:迎来了-------------:，-------------:硕-------------:迎来了-------------:新的希望与机遇。果回首过去-------------:希望-------------:与-------------:机遇-------------:。-------------:果-------------:回首-------------:过去的一年，我们或许有过失落-------------:的一年-------------:，-------------:我们-------------:或许-------------:有过-------------:失落，有过迷茫，但更多的是坚持-------------:，-------------:有过-------------:迷茫-------------:，-------------:但-------------:更多的是-------------:坚持与努力。新的一年，-------------:与-------------:努力-------------:。-------------:新-------------:的一年-------------:，我们要勇敢地面对挑战，抓住-------------:我们要-------------:勇敢-------------:地-------------:面对-------------:挑战-------------:，-------------:抓住机遇，努力实现-------------:机遇-------------:，-------------:努力-------------:实现自己的人生价值-------------:自己的人生-------------:价值。

新-------------:。

新年的钟声敲响了-------------:年的-------------:钟-------------:声-------------:敲-------------:响了，时光-------------:，-------------:时光累累老人的送秋天走了旧-------------:累累-------------:老人-------------:的-------------:送-------------:秋天-------------:走了-------------:旧。

傍晚的一年，，夕阳迎来了西新下的一年。，-------------:。

傍晚-------------:的一年-------------:，-------------:，-------------:夕阳-------------:迎来了-------------:西-------------:新-------------:下-------------:的一年天空-------------:。-------------:，-------------:天空在这被美好的染成了一片橙-------------:在这-------------:被-------------:美好的-------------:染-------------:成-------------:了一-------------:片-------------:橙时刻红色。我，站在我们要山顶学会，-------------:时刻-------------:红色-------------:。-------------:我-------------:，-------------:站在-------------:我们要-------------:山顶-------------:学会-------------:，感恩俯。瞰感谢着父母的远养育处的之田野恩-------------:感恩-------------:俯-------------:。-------------:瞰-------------:感谢-------------:着-------------:父母的-------------:远-------------:养育-------------:处的-------------:之-------------:田野-------------:恩，心中，涌感谢起朋友的一股陪伴暖-------------:，，-------------:心中-------------:，-------------:涌-------------:感谢-------------:起-------------:朋友的-------------:一股-------------:陪伴-------------:暖-------------:，流感谢。老师的那一片片金黄-------------:流-------------:感谢-------------:。-------------:老师的-------------:那-------------:一片-------------:片-------------:金黄的稻田教导，就像一幅美丽的，-------------:的-------------:稻田-------------:教导-------------:，-------------:就像-------------:一幅-------------:美丽的-------------:，感谢画卷，生活的馈让人陶醉赠。。让我们珍惜-------------:感谢-------------:画卷-------------:，-------------:生活的-------------:馈-------------:让人-------------:陶醉-------------:赠-------------:。-------------:。-------------:让我们-------------:珍惜眼前的美好，珍惜与-------------:眼前的-------------:美好-------------:，-------------:珍惜-------------:与亲人朋友的此时相聚时光此刻，我。

新-------------:亲人-------------:朋友的-------------:此时-------------:相聚-------------:时光-------------:此刻-------------:，-------------:我-------------:。

新的一年仿佛，听到了秋天的心我们要树立跳远，-------------:的一年-------------:仿佛-------------:，-------------:听到了-------------:秋天-------------:的心大的-------------:我们要-------------:树立-------------:跳-------------:远-------------:，-------------:大的那是理想大自然的。呼唤，少年是强生命的则-------------:那是-------------:理想-------------:大自然的-------------:。-------------:呼唤-------------:，-------------:少年-------------:是-------------:强-------------:生命的-------------:则赞国歌。

秋天，强是诗-------------:赞-------------:国-------------:歌-------------:。

秋天-------------:，-------------:强-------------:是-------------:诗人的灵感，之源作为。新时代古人云的-------------:人的-------------:灵感-------------:，-------------:之源-------------:作为-------------:。-------------:新时代-------------:古人-------------:云-------------:的青少年：“自古逢，秋我们要悲肩负寂-------------:青少年-------------:：“-------------:自古-------------:逢-------------:，-------------:秋-------------:我们要-------------:悲-------------:肩负-------------:寂寥起民族，复兴我的重言任秋，日努力学习-------------:寥-------------:起-------------:民族-------------:，-------------:复兴-------------:我-------------:的重-------------:言-------------:任-------------:秋-------------:，-------------:日-------------:努力学习胜，春增长朝知识。”秋天，-------------:胜-------------:，-------------:春-------------:增长-------------:朝-------------:知识-------------:。”-------------:秋天-------------:，为实现，中国梦有着贡献独特的自己的韵味力量。，-------------:为实现-------------:，-------------:中国梦-------------:有着-------------:贡献-------------:独特的-------------:自己的-------------:韵味-------------:力量-------------:。-------------:，同时，我们要关注身边的人，关爱-------------:同时-------------:，-------------:我们要-------------:关注-------------:身边的人-------------:，-------------:关爱让人弱势心生群体感慨，传递。正能量杜甫，-------------:让人-------------:弱势-------------:心生-------------:群体-------------:感慨-------------:，-------------:传递-------------:。-------------:正能量-------------:杜甫-------------:，让在世界《登充满高》中-------------:让-------------:在-------------:世界-------------:《-------------:登-------------:充满-------------:高-------------:》-------------:中写道爱：“无边。

新-------------:写道-------------:爱-------------:：“-------------:无边-------------:。

新落的一年木，萧我们要珍惜萧时光，下把握-------------:落-------------:的一年-------------:木-------------:，-------------:萧-------------:我们要-------------:珍惜-------------:萧-------------:时光-------------:，-------------:下-------------:把握，机遇不尽。长江时间如流水，-------------:，-------------:机遇-------------:不尽-------------:。-------------:长江-------------:时间-------------:如滚滚-------------:流水-------------:，-------------:滚滚一去不复返。我们要珍惜-------------:一-------------:去-------------:不复-------------:返-------------:。-------------:我们要-------------:珍惜每一天来，。”这努力学习萧，不断-------------:每一天-------------:来-------------:，-------------:。”-------------:这-------------:努力学习-------------:萧-------------:，-------------:不断充实自己瑟。的在景象，正是竞争-------------:充实-------------:自己-------------:瑟-------------:。-------------:的-------------:在-------------:景象-------------:，-------------:正是-------------:竞争激烈秋天的社会中，独有的美我们要敢于-------------:激烈-------------:秋天-------------:的社会-------------:中-------------:，-------------:独有的-------------:美-------------:我们要-------------:敢于。

秋天拼搏，是孩子们的，乐园勇于-------------:。

秋天-------------:拼搏-------------:，-------------:是-------------:孩子们的-------------:，-------------:乐园-------------:勇于。挑战他们，欢不断提升快自己的综合素质，-------------:。-------------:挑战-------------:他们-------------:，-------------:欢-------------:不断提升-------------:快-------------:自己的-------------:综合素质-------------:，为自己的未来打下坚实基础-------------:为自己的-------------:未来-------------:打下-------------:坚实基础地在。

新的一年，田野我们要里关爱奔跑他人，，-------------:地在-------------:。

新-------------:的一年-------------:，-------------:田野-------------:我们要-------------:里-------------:关爱-------------:奔跑-------------:他人-------------:，-------------:，传递温暖。人与人之间捉-------------:传递-------------:温暖-------------:。-------------:人与人-------------:之间-------------:捉迷藏，，需要嬉相互关爱，-------------:迷-------------:藏-------------:，-------------:，-------------:需要-------------:嬉-------------:相互-------------:关爱-------------:，戏才能玩耍构建。和谐社会他们。追逐我们要学会着-------------:戏-------------:才能-------------:玩耍-------------:构建-------------:。-------------:和谐社会-------------:他们-------------:。-------------:追逐-------------:我们要-------------:学会-------------:着倾听飘他人的落的心声树叶，，仿佛在关注-------------:倾听-------------:飘-------------:他人的-------------:落的-------------:心声-------------:树叶-------------:，-------------:，-------------:仿佛追逐-------------:在-------------:关注-------------:追逐他人的着需求秋，天的尽脚步自己。所能孩子们-------------:他人的-------------:着-------------:需求-------------:秋-------------:，-------------:天的-------------:尽-------------:脚步-------------:自己-------------:。-------------:所能-------------:孩子们去的天帮助他人真。-------------:去-------------:的天-------------:帮助-------------:他人-------------:真-------------:。让烂我们的漫爱心，洒为满秋天人间-------------:让-------------:烂-------------:我们的-------------:漫-------------:爱心-------------:，-------------:洒-------------:为-------------:满-------------:秋天-------------:人间，让增添世界充满阳光。

新了一-------------:，-------------:让-------------:增添-------------:世界-------------:充满-------------:阳光-------------:。

新-------------:了一年的抹钟亮声丽的色彩敲响了，。

秋天-------------:年的-------------:抹-------------:钟-------------:亮-------------:声-------------:丽的-------------:色彩-------------:敲-------------:响了-------------:，-------------:。

秋天让我们，共同祝愿祖国繁荣昌盛-------------:让我们-------------:，-------------:共同-------------:祝愿-------------:祖国-------------:繁荣-------------:昌-------------:盛，人民幸福安康！让我们携手-------------:，-------------:人民-------------:幸福-------------:安康-------------:！-------------:让我们-------------:携手共进，-------------:共-------------:进-------------:，共创美好未来！-------------:共创-------------:美好-------------:未来-------------:！在这个充满-------------:在这个-------------:充满希望的新年，让我们放飞-------------:希望-------------:的新-------------:年-------------:，-------------:让我们-------------:放飞梦想，勇往直前，-------------:梦想-------------:，-------------:勇-------------:往-------------:直-------------:前-------------:，书写属于自己的辉煌篇章！-------------:书写-------------:属于自己的-------------:辉煌-------------:篇章-------------:！是恋人的浪漫-------------:是-------------:恋-------------:人的-------------:浪漫时光。夕阳西下，-------------:时光-------------:。-------------:夕阳-------------:西-------------:下-------------:，两人漫步在公园的小径-------------:两人-------------:漫步-------------:在-------------:公园-------------:的小-------------:径ChatGLM output: {'replies': ['题目：新年，新的开始\n\n时光荏苒，岁月如梭。转眼间，我们又迎来了新的一年。新年，是中华民族的传统佳节，承载着人们对美好生活的向往和期盼。在这辞旧迎新的时刻，我怀着无比激动的心情，用笔记录下这美好的瞬间。\n\n新年的钟声即将敲响，大街小巷弥漫着浓郁的年味。家家户户张灯结彩，贴上了红红的春联，挂上了寓意吉祥的灯笼。孩子们穿着新衣服，欢声笑语，喜庆洋洋。此刻，整个世界都充满了欢乐与祥和。\n\n在这辞旧迎新的时刻，人们纷纷放下手中的工作，与家人团聚，共度佳节。亲朋好友欢聚一堂，畅谈往事，分享喜悦，共度美好时光。年夜饭丰盛美味，象征着团圆与幸福。人们举杯畅饮，祝福彼此在新的一年里事业有成、身体健康、阖家欢乐。\n\n新年的到来，预示着新的开始。在这一刻，我们告别了过去的艰辛与挫折，迎来了新的希望与机遇。回首过去的一年，我们或许有过失落，有过迷茫，但更多的是坚持与努力。新的一年，我们要勇敢地面对挑战，抓住机遇，努力实现自己的人生价值。\n\n新年的钟声敲响了，时光老人送走了旧的一年，迎来了新的一年。在这美好的时刻，我们要学会感恩。感谢父母的养育之恩，感谢朋友的陪伴，感谢老师的教导，感谢生活的馈赠。让我们珍惜眼前的美好，珍惜与亲人朋友的相聚时光。\n\n新的一年，我们要树立远大的理想。少年强则国强，作为新时代的青少年，我们要肩负起民族复兴的重任，努力学习，增长知识，为实现中国梦贡献自己的力量。同时，我们要关注身边的人，关爱弱势群体，传递正能量，让世界充满爱。\n\n新的一年，我们要珍惜时光，把握机遇。时间如流水，一去不复返。我们要珍惜每一天，努力学习，不断充实自己。在竞争激烈的社会中，我们要敢于拼搏，勇于挑战，不断提升自己的综合素质，为自己的未来打下坚实基础。\n\n新的一年，我们要关爱他人，传递温暖。人与人之间，需要相互关爱，才能构建和谐社会。我们要学会倾听他人的心声，关注他人的需求，尽自己所能去帮助他人。让我们的爱心洒满人间，让世界充满阳光。\n\n新年的钟声敲响了，让我们共同祝愿祖国繁荣昌盛，人民幸福安康！让我们携手共进，共创美好未来！在这个充满希望的新年，让我们放飞梦想，勇往直前，书写属于自己的辉煌篇章！'], 'meta': [{'model': 'glm-4-flash', 'index': 0, 'finish_reason': 'stop', 'usage': {}}]}
-------------:-------------:NoneStream ended.
上，手牵手，低声细语。他们分享着彼此的故事，感受着秋天的美好。那金黄的落叶，仿佛是恋人们爱情的见证，见证了他们相识、相知、相爱的过程。

秋天，是思考的季节。在这个收获的季节里，人们不禁会想起过去的岁月。那些曾经的梦想，那些曾经的努力，都成为了今天收获的基石。秋天，让我们思考人生的意义，思考未来的方向。

秋天，是感恩的季节。感谢大自然的馈赠，感谢辛勤劳作的农民，感谢那些陪伴在我们身边的人。在这个季节里，我们学会了珍惜，学会了感恩。

秋天，是收获的季节，是美好的季节。让我们在这个季节里，感受大自然的魅力，感受生活的美好，用心去品味这个充满诗意的季节。秋天的颂歌，将在我们的心中永远回荡。ChatGLM output: {'replies': ['秋天，丰收的季节，金黄的季节，也是充满诗意的季节。在这个季节里，大自然换上了五彩斑斓的新装，人们的心中也洋溢着喜悦与期待。以下是一篇以秋天为题的作文，字数约1000字。\n\n题目：秋天的颂歌\n\n秋天，是大自然的调色板，把世间万物渲染得五彩斑斓。当夏日的炎热渐渐退去，秋天的脚步悄然而至，它带着收获的喜悦，带着宁静的美，走进了我们的生活。\n\n清晨，当第一缕阳光透过窗帘，洒在安静的卧室里，我听到了窗外树叶沙沙的声音。这是秋天的呼唤，是大地母亲的低语。我迫不及待地拉开窗帘，眼前的景象让我陶醉：那一片片金黄的落叶，仿佛是秋天的使者，在空中翩翩起舞。它们轻轻飘落，铺满了小径，给大地披上了一层金色的地毯。\n\n午后，阳光明媚，微风拂面。我漫步在乡间的小路上，感受着秋天的气息。稻谷金黄，硕果累累，丰收的景象让人喜悦。农民伯伯们忙碌的身影，是秋天最美的风景。他们辛勤劳作，用汗水浇灌着希望，终于迎来了硕果累累的秋天。\n\n傍晚，夕阳西下，天空被染成了一片橙红色。我站在山顶，俯瞰着远处的田野，心中涌起一股暖流。那一片片金黄的稻田，就像一幅美丽的画卷，让人陶醉。此时此刻，我仿佛听到了秋天的心跳，那是大自然的呼唤，是生命的赞歌。\n\n秋天，是诗人的灵感之源。古人云：“自古逢秋悲寂寥，我言秋日胜春朝。”秋天，有着独特的韵味，让人心生感慨。杜甫在《登高》中写道：“无边落木萧萧下，不尽长江滚滚来。”这萧瑟的景象，正是秋天独有的美。\n\n秋天，是孩子们的乐园。他们欢快地在田野里奔跑，捉迷藏，嬉戏玩耍。他们追逐着飘落的树叶，仿佛在追逐着秋天的脚步。孩子们的天真烂漫，为秋天增添了一抹亮丽的色彩。\n\n秋天，是恋人的浪漫时光。夕阳西下，两人漫步在公园的小径上，手牵手，低声细语。他们分享着彼此的故事，感受着秋天的美好。那金黄的落叶，仿佛是恋人们爱情的见证，见证了他们相识、相知、相爱的过程。\n\n秋天，是思考的季节。在这个收获的季节里，人们不禁会想起过去的岁月。那些曾经的梦想，那些曾经的努力，都成为了今天收获的基石。秋天，让我们思考人生的意义，思考未来的方向。\n\n秋天，是感恩的季节。感谢大自然的馈赠，感谢辛勤劳作的农民，感谢那些陪伴在我们身边的人。在这个季节里，我们学会了珍惜，学会了感恩。\n\n秋天，是收获的季节，是美好的季节。让我们在这个季节里，感受大自然的魅力，感受生活的美好，用心去品味这个充满诗意的季节。秋天的颂歌，将在我们的心中永远回荡。'], 'meta': [{'model': 'glm-4-flash', 'index': 0, 'finish_reason': 'stop', 'usage': {}}]}
-------------:NoneWARNING:  WatchFiles detected changes in '__init__.py'. Reloading...
INFO:     Shutting down
INFO:     Waiting for application shutdown.
INFO:     Application shutdown complete.
INFO:     Finished server process [2993316]
Stream ended.
INFO:     Started server process [3759540]
INFO:     Waiting for application startup.
INFO:     Application startup complete.
